2026-01-06 11:47:32,357 [plugins:INFO] Scanning plug-in dir = C:\Users\TRACYC~1\AppData\Local\Temp\cov-TracyChrisinger\0c0fde2570609ffecc8b5facbb7939d6\fwa\code\plugins\builtin
2026-01-06 11:47:32,362 [plugins:INFO] Scanning plug-in dir = C:\Users\TRACYC~1\AppData\Local\Temp\cov-TracyChrisinger\0c0fde2570609ffecc8b5facbb7939d6\fwa\code\plugins\test
2026-01-06 11:47:32,498 [plugins:INFO] Scan root = C:\Users\TRACYC~1\AppData\Local\Temp\cov-TracyChrisinger\0c0fde2570609ffecc8b5facbb7939d6\fwa\dom-0
2026-01-06 11:47:32,499 [plugins:DEBUG]      * C:\Users\TRACYC~1\AppData\Local\Temp\cov-TracyChrisinger\0c0fde2570609ffecc8b5facbb7939d6\fwa\dom-0\BIDDING_TROUBLESHOOTING.md
2026-01-06 11:47:32,499 [plugins:DEBUG]      * C:\Users\TRACYC~1\AppData\Local\Temp\cov-TracyChrisinger\0c0fde2570609ffecc8b5facbb7939d6\fwa\dom-0\GAME_START_GUIDE.md
2026-01-06 11:47:32,499 [plugins:DEBUG]      * C:\Users\TRACYC~1\AppData\Local\Temp\cov-TracyChrisinger\0c0fde2570609ffecc8b5facbb7939d6\fwa\dom-0\package-lock.json
2026-01-06 11:47:32,500 [plugins:DEBUG]      * C:\Users\TRACYC~1\AppData\Local\Temp\cov-TracyChrisinger\0c0fde2570609ffecc8b5facbb7939d6\fwa\dom-0\package.json
2026-01-06 11:47:32,500 [plugins:DEBUG]      * C:\Users\TRACYC~1\AppData\Local\Temp\cov-TracyChrisinger\0c0fde2570609ffecc8b5facbb7939d6\fwa\dom-0\README.md
2026-01-06 11:47:32,500 [plugins:DEBUG]      * C:\Users\TRACYC~1\AppData\Local\Temp\cov-TracyChrisinger\0c0fde2570609ffecc8b5facbb7939d6\fwa\dom-0\dist\assets\index-UTpEpuTW.css
2026-01-06 11:47:32,501 [plugins:DEBUG]      * C:\Users\TRACYC~1\AppData\Local\Temp\cov-TracyChrisinger\0c0fde2570609ffecc8b5facbb7939d6\fwa\dom-0\src\App.css
2026-01-06 11:47:32,501 [plugins:DEBUG]      * C:\Users\TRACYC~1\AppData\Local\Temp\cov-TracyChrisinger\0c0fde2570609ffecc8b5facbb7939d6\fwa\dom-0\src\index.css
2026-01-06 11:47:32,501 [plugins:INFO] Scan found 2 files
2026-01-06 11:47:32,518 [plugins:INFO] -------------- Running plug-in JSP (priority=60) --------------
2026-01-06 11:47:32,518 [plugins:DEBUG] JSP.main: Start
2026-01-06 11:47:32,518 [plugins:DEBUG] JSP.main: webapp_root = C:\Users\TRACYC~1\AppData\Local\Temp\cov-TracyChrisinger\0c0fde2570609ffecc8b5facbb7939d6\fwa\dom-0
2026-01-06 11:47:32,519 [plugins:DEBUG] JSP.main: Num JSP files: 0
2026-01-06 11:47:32,519 [plugins:INFO] -------------- Running plug-in Facelets2 (priority=50) --------------
2026-01-06 11:47:32,519 [plugins:INFO] -------------- Running plug-in MyBatis (priority=50) --------------
2026-01-06 11:47:32,519 [plugins:DEBUG] MyBatis.main: Start
2026-01-06 11:47:32,520 [plugins:DEBUG] Skipping MyBatis analysis. Framework not detected.
2026-01-06 11:47:32,521 [plugins:INFO] -------------- Running plug-in MyBatisXML (priority=50) --------------
2026-01-06 11:47:32,521 [plugins:DEBUG] MyBatisXML.main: Start
2026-01-06 11:47:32,521 [plugins:DEBUG] config: {'audit_mode_enabled': False}
2026-01-06 11:47:32,521 [plugins:DEBUG] MyBatisXML.main: End
2026-01-06 11:47:32,521 [plugins:INFO] -------------- Running plug-in SpringData (priority=50) --------------
2026-01-06 11:47:32,521 [plugins:DEBUG] SpringData.main: Start
2026-01-06 11:47:32,526 [plugins:DEBUG] Skipping SpringData analysis. Framework not detected.
2026-01-06 11:47:32,526 [plugins:INFO] -------------- Running plug-in Struts2Xml (priority=50) --------------
2026-01-06 11:47:32,526 [plugins:INFO] Struts2Xml.main: Start
2026-01-06 11:47:32,526 [plugins:INFO] -------------- Skipping disabled plug-in: Test_BogusClassName
2026-01-06 11:47:32,526 [plugins:INFO] -------------- Skipping disabled plug-in: Test_Failure
2026-01-06 11:47:32,526 [plugins:INFO] -------------- Running plug-in Tiles (priority=50) --------------
2026-01-06 11:47:32,526 [plugins:DEBUG] Tiles.main: Start
2026-01-06 11:47:32,526 [plugins:DEBUG] Tiles.main: webapp_root='C:\Users\TRACYC~1\AppData\Local\Temp\cov-TracyChrisinger\0c0fde2570609ffecc8b5facbb7939d6\fwa\dom-0', working_dir='C:\Users\TRACYC~1\AppData\Local\Temp\cov-TracyChrisinger\0c0fde2570609ffecc8b5facbb7939d6\fwa\dom-0.tmp'
2026-01-06 11:47:32,526 [plugins:DEBUG] Tiles.main: 0 JSPs, 0 XML files
2026-01-06 11:47:32,526 [plugins:DEBUG] Tiles::consumeDefinitions- JSP files set:
[]
2026-01-06 11:47:32,526 [plugins:DEBUG] Ordered tiles ref: []
2026-01-06 11:47:32,526 [plugins:DEBUG] After propagation: {}
2026-01-06 11:47:32,526 [plugins:DEBUG] Tiles::main- Found 0 tiles
2026-01-06 11:47:32,526 [plugins:DEBUG] Tiles::main- Generated tiles structure
{}
2026-01-06 11:47:32,526 [plugins:DEBUG] Tiles::addViewsToConfiguration- 0 tiles defs with 0 views
2026-01-06 11:47:32,526 [plugins:INFO] -------------- Running plug-in SpringBeans (priority=20) --------------
2026-01-06 11:47:32,526 [plugins:DEBUG] SpringBeans.main: Start
2026-01-06 11:47:32,526 [plugins:INFO] -------------- Running plug-in Struts1Xml (priority=20) --------------
2026-01-06 11:47:32,526 [plugins:INFO] Struts1Xml.main: Start
2026-01-06 11:47:32,526 [plugins:INFO] -------------- Running plug-in DWR (priority=10) --------------
2026-01-06 11:47:32,526 [plugins:INFO] DWR.main: Start
2026-01-06 11:47:32,528 [plugins:INFO] -------------- Running plug-in JavaHttpServer (priority=10) --------------
2026-01-06 11:47:32,528 [plugins:DEBUG] JavaHttpServer.main: Start
2026-01-06 11:47:32,529 [plugins:INFO] -------------- Running plug-in Restlet (priority=10) --------------
2026-01-06 11:47:32,529 [plugins:DEBUG] Restlet.main: Start
2026-01-06 11:47:32,530 [plugins:DEBUG] Skipping Restlet. Framework not detected.
2026-01-06 11:47:32,530 [plugins:INFO] -------------- Skipping disabled plug-in: Seam
2026-01-06 11:47:32,530 [plugins:INFO] -------------- Running plug-in SpringBoot (priority=10) --------------
2026-01-06 11:47:32,530 [plugins:DEBUG] SpringBoot.main: Start
2026-01-06 11:47:32,531 [plugins:DEBUG] Skipping SpringBoot analysis. Framework not detected.
2026-01-06 11:47:32,531 [plugins:INFO] -------------- Running plug-in SpringMVC3 (priority=10) --------------
2026-01-06 11:47:32,531 [plugins:DEBUG] SpringMVC3.main: Start
2026-01-06 11:47:32,533 [plugins:DEBUG] Skipping SpringMVC3 analysis. Framework not detected.
2026-01-06 11:47:32,533 [plugins:INFO] -------------- Running plug-in SpringWS (priority=10) --------------
2026-01-06 11:47:32,533 [plugins:DEBUG] SpringWS.main: Start
2026-01-06 11:47:32,534 [plugins:DEBUG] Skipping SpringWS analysis. Framework not detected.
2026-01-06 11:47:32,534 [plugins:INFO] -------------- Running plug-in Struts1 (priority=10) --------------
2026-01-06 11:47:32,534 [plugins:DEBUG] Struts1.main: Start
2026-01-06 11:47:32,534 [plugins:DEBUG] Struts1.mapActionsToForms: {}
2026-01-06 11:47:32,534 [plugins:DEBUG] findEntryPointViaImplicitMethod:: Class extending: org.apache.struts.action.Action
[]
2026-01-06 11:47:32,535 [plugins:DEBUG] findEntryPointViaImplicitMethod:: Class extending: org.apache.struts.actions.BaseAction
[]
2026-01-06 11:47:32,535 [plugins:DEBUG] findEntryPointViaImplicitMethod:: Class extending: org.apache.struts.actions.DownloadAction
[]
2026-01-06 11:47:32,536 [plugins:DEBUG] findEntryPointViaImplicitMethod:: Class extending: org.apache.struts.actions.ForwardAction
[]
2026-01-06 11:47:32,536 [plugins:DEBUG] findEntryPointViaImplicitMethod:: Class extending: org.apache.struts.actions.IncludeAction
[]
2026-01-06 11:47:32,536 [plugins:DEBUG] findEntryPointViaImplicitMethod:: Class extending: org.apache.struts.actions.SwitchAction
[]
2026-01-06 11:47:32,537 [plugins:DEBUG] findEntryPointViaImplicitMethod:: Class extending: org.apache.struts.actions.LocaleAction
[]
2026-01-06 11:47:32,537 [plugins:DEBUG] findEntryPointViaImplicitMethod:: Class extending: jp.terasoluna.fw.web.struts.actions.ActionEx
[]
2026-01-06 11:47:32,537 [plugins:DEBUG] findEntryPointViaImplicitMethod:: Class extending: jp.terasoluna.fw.web.struts.actions.AbstractBLogicAction
[]
2026-01-06 11:47:32,537 [plugins:DEBUG] findEntryPointViaImplicitMethod:: Class extending: jp.terasoluna.fw.web.struts.actions.ClearSessionAction
[]
2026-01-06 11:47:32,538 [plugins:DEBUG] findEntryPointViaImplicitMethod:: Class extending: jp.terasoluna.fw.web.struts.actions.DispatchAction
[]
2026-01-06 11:47:32,538 [plugins:DEBUG] findEntryPointViaImplicitMethod:: Class extending: jp.terasoluna.fw.web.struts.actions.ForwardAction
[]
2026-01-06 11:47:32,538 [plugins:DEBUG] findEntryPointViaImplicitMethod:: Class extending: jp.terasoluna.fw.web.struts.actions.LogoffAction
[]
2026-01-06 11:47:32,539 [plugins:DEBUG] findEntryPointViaImplicitMethod:: Class extending: jp.terasoluna.fw.web.struts.actions.MakeSessionDirectoryAction
[]
2026-01-06 11:47:32,539 [plugins:DEBUG] findEntryPointViaImplicitMethod:: Class extending: jp.terasoluna.fw.web.struts.actions.ReloadCodeListAction
[]
2026-01-06 11:47:32,541 [plugins:INFO] -------------- Running plug-in Terasoluna (priority=10) --------------
2026-01-06 11:47:32,541 [plugins:DEBUG] Terasoluna::main- Start
2026-01-06 11:47:32,541 [plugins:DEBUG] %s::main- Framework classes not found.
2026-01-06 11:47:32,541 [plugins:INFO] -------------- Running plug-in Android (priority=5) --------------
2026-01-06 11:47:32,541 [plugins:DEBUG] Android: main: Start
2026-01-06 11:47:32,541 [plugins:DEBUG] Android: main: emit_app_root: 'C:\\Spades'
2026-01-06 11:47:32,541 [plugins:DEBUG] Android: main: unpacked_app_root='C:\\Users\\TRACYC~1\\AppData\\Local\\Temp\\cov-TracyChrisinger\\0c0fde2570609ffecc8b5facbb7939d6\\fwa\\dom-0'
2026-01-06 11:47:32,541 [plugins:DEBUG] Android: main: temp_dir='C:\\Users\\TRACYC~1\\AppData\\Local\\Temp\\cov-TracyChrisinger\\0c0fde2570609ffecc8b5facbb7939d6\\fwa\\dom-0.tmp'
2026-01-06 11:47:32,543 [plugins:DEBUG] Android: Module roots: []
2026-01-06 11:47:32,543 [plugins:INFO] Working in fallback mode
2026-01-06 11:47:32,544 [plugins:ERROR] Android: No valid manifests found!
2026-01-06 11:47:32,544 [plugins:INFO] -------------- Running plug-in Axis1 (priority=5) --------------
2026-01-06 11:47:32,544 [plugins:INFO] Axis1.main: Start
2026-01-06 11:47:32,544 [plugins:INFO] -------------- Running plug-in Cordova (priority=5) --------------
2026-01-06 11:47:32,614 [plugins:DEBUG] Cordova framelet.main: No Cordova project files (config.xml or package.json) present in emit.
2026-01-06 11:47:32,614 [plugins:INFO] -------------- Running plug-in Deserialization (priority=5) --------------
2026-01-06 11:47:32,614 [plugins:INFO] Deserialization.main: Start
2026-01-06 11:47:32,615 [plugins:INFO] -------------- Running plug-in DotNetAbp (priority=5) --------------
2026-01-06 11:47:32,615 [plugins:INFO] DotNetAbp.main: Start
2026-01-06 11:47:32,615 [plugins:DEBUG] DotNetAbp.collectEntryPoints: collectEntryPoints
2026-01-06 11:47:32,616 [plugins:INFO] -------------- Running plug-in DotNetMVC (priority=5) --------------
2026-01-06 11:47:32,616 [plugins:INFO] DotNetMVC.main: Start
2026-01-06 11:47:32,616 [plugins:DEBUG] DotNetMVC.main: Phase: Setup
2026-01-06 11:47:32,616 [plugins:DEBUG] DotNetMVC.main: Setup: Create type hierarchy
2026-01-06 11:47:32,619 [plugins:DEBUG] DotNetMVC.main: Setup: Collapse 'AsyncController' into 'Controller'.
2026-01-06 11:47:32,619 [plugins:DEBUG] DotNetMVC.main: Phase: Create Controller Entry Points
2026-01-06 11:47:32,619 [plugins:DEBUG] DotNetMVC.doControllerEntryPoints: Entry Point Methods: Compute which methods are Entry Points.
2026-01-06 11:47:32,619 [plugins:DEBUG] DotNetMVC.findEntryPointMethods: Filter: Remove methods that cannot be entry points (pass 1)
2026-01-06 11:47:32,619 [plugins:DEBUG] DotNetMVC.findEntryPointMethods: Inherited Entry Points: Compute entry points inherited from parent
2026-01-06 11:47:32,619 [plugins:DEBUG] DotNetMVC.findEntryPointMethods: Filter: Remove methods that cannot be entry points (pass 2)
2026-01-06 11:47:32,619 [plugins:DEBUG] DotNetMVC.doControllerEntryPoints: CSRF Protected Methods: Compute which methods are CSRF protected.
2026-01-06 11:47:32,619 [plugins:DEBUG] DotNetMVC.doControllerEntryPoints: Include/Exclude Paths: Compute taint paths (whitelists).
2026-01-06 11:47:32,619 [plugins:DEBUG] DotNetMVC.doControllerEntryPoints: Finish: Create EntryPoint Directives.
2026-01-06 11:47:32,619 [plugins:DEBUG] DotNetMVC.createEntryPointDirectives: Total controller entry points: 0
2026-01-06 11:47:32,619 [plugins:DEBUG] DotNetMVC.doControllerEntryPoints: Entry Point Methods: Compute which methods are Entry Points.
2026-01-06 11:47:32,619 [plugins:DEBUG] DotNetMVC.findEntryPointMethods: Filter: Remove methods that cannot be entry points (pass 1)
2026-01-06 11:47:32,619 [plugins:DEBUG] DotNetMVC.findEntryPointMethods: Inherited Entry Points: Compute entry points inherited from parent
2026-01-06 11:47:32,619 [plugins:DEBUG] DotNetMVC.findEntryPointMethods: Filter: Remove methods that cannot be entry points (pass 2)
2026-01-06 11:47:32,619 [plugins:DEBUG] DotNetMVC.doControllerEntryPoints: CSRF Protected Methods: Compute which methods are CSRF protected.
2026-01-06 11:47:32,619 [plugins:DEBUG] DotNetMVC.doControllerEntryPoints: Include/Exclude Paths: Compute taint paths (whitelists).
2026-01-06 11:47:32,619 [plugins:DEBUG] DotNetMVC.doControllerEntryPoints: Finish: Create EntryPoint Directives.
2026-01-06 11:47:32,619 [plugins:DEBUG] DotNetMVC.createEntryPointDirectives: Total controller entry points: 0
2026-01-06 11:47:32,620 [plugins:DEBUG] DotNetMVC.main: Phase: Create Razor Entry Points
2026-01-06 11:47:32,620 [plugins:DEBUG] DotNetMVC.doRazorEntryPoints: Detect Views: Heuristically Detect Whether Class Is View.
2026-01-06 11:47:32,620 [plugins:DEBUG] DotNetMVC.doRazorEntryPoints: Finish: Create Razor Entry Points for View Classes.
2026-01-06 11:47:32,620 [plugins:DEBUG] DotNetMVC.doRazorEntryPoints: Total Razor View entry points: 0
2026-01-06 11:47:32,620 [plugins:DEBUG] DotNetMVC.doRazorEntryPoints: Detect Views: Heuristically Detect Whether Class Is View.
2026-01-06 11:47:32,620 [plugins:DEBUG] DotNetMVC.doRazorEntryPoints: Finish: Create Razor Entry Points for View Classes.
2026-01-06 11:47:32,620 [plugins:DEBUG] DotNetMVC.doRazorEntryPoints: Total Razor View entry points: 0
2026-01-06 11:47:32,620 [plugins:DEBUG] DotNetMVC.main: Phase: Create Views
2026-01-06 11:47:32,620 [plugins:DEBUG] DotNetMVC.doMvcViews: Detect Views: Heuristically Detect Whether Class Is View.
2026-01-06 11:47:32,620 [plugins:DEBUG] DotNetMVC.doMvcViews: Finish: Parse Class to Create View Directive.
2026-01-06 11:47:32,620 [plugins:DEBUG] DotNetMVC.doMvcViews: Detect Views: Heuristically Detect Whether Class Is View.
2026-01-06 11:47:32,620 [plugins:DEBUG] DotNetMVC.doMvcViews: Finish: Parse Class to Create View Directive.
2026-01-06 11:47:32,620 [plugins:DEBUG] DotNetMVC.main: Phase: Create Filters
2026-01-06 11:47:32,620 [plugins:DEBUG] DotNetUtils.doFilters: Number of Filter classes: 0
2026-01-06 11:47:32,620 [plugins:DEBUG] DotNetUtils.doFilters: Number of Filter classes: 0
2026-01-06 11:47:32,620 [plugins:DEBUG] DotNetUtils.doFilters: Number of Filter classes: 0
2026-01-06 11:47:32,620 [plugins:DEBUG] DotNetUtils.doFilters: Number of Filter classes: 0
2026-01-06 11:47:32,621 [plugins:INFO] -------------- Running plug-in DotNetWebServices (priority=5) --------------
2026-01-06 11:47:32,621 [plugins:INFO] DotNetWebServices.main: Start
2026-01-06 11:47:32,621 [plugins:DEBUG] DotNetWebServices.main: Web API 2 Controllers
2026-01-06 11:47:32,623 [plugins:DEBUG] DotNetWebServices.main: WCF Services
2026-01-06 11:47:32,623 [plugins:DEBUG] DotNetWebServices.doWcfServices: WCF operation impls = 0
2026-01-06 11:47:32,623 [plugins:DEBUG] DotNetWebServices.main: ASMX Web Services
2026-01-06 11:47:32,623 [plugins:DEBUG] DotNetWebServices.doAsmxServices: ASMX service methods = 0
2026-01-06 11:47:32,625 [plugins:DEBUG] DotNetWebServices.main: Create Filters
2026-01-06 11:47:32,625 [plugins:DEBUG] DotNetUtils.doFilters: Number of Filter classes: 0
2026-01-06 11:47:32,625 [plugins:INFO] -------------- Running plug-in EJB (priority=5) --------------
2026-01-06 11:47:32,625 [plugins:INFO] [WARN] EJB.main: Start
2026-01-06 11:47:32,626 [plugins:INFO] [DEBUG] EJB - total entry points: 0
2026-01-06 11:47:32,626 [plugins:INFO] -------------- Running plug-in GWTCallbacks (priority=5) --------------
2026-01-06 11:47:32,626 [plugins:INFO] GWTCallbacks.main: Start
2026-01-06 11:47:32,627 [plugins:DEBUG] GWTCallbacks::main- Types ('com.google.gwt.user.client.rpc.AsyncCallback', 'com.google.gwt.http.client.RequestCallback') not found.
2026-01-06 11:47:32,627 [plugins:INFO] -------------- Running plug-in GWTRPC (priority=5) --------------
2026-01-06 11:47:32,627 [plugins:INFO] GWTRPC.main: Start
2026-01-06 11:47:32,628 [plugins:DEBUG] GWTRPC.processRemoteServiceServlets: found implementors of RemoteService but no extenders of RemoteServiceServlet. This might be a custom GWT RPC framework.
2026-01-06 11:47:32,628 [plugins:DEBUG] GWTRPC.processRemoteServiceServlets: found implementors of RemoteService but no extenders of RemoteServiceServlet. This might be a custom GWT RPC framework.
2026-01-06 11:47:32,629 [plugins:DEBUG] GWTRPC.processRemoteServiceServlets: found implementors of RemoteService but no extenders of RemoteServiceServlet. This might be a custom GWT RPC framework.
2026-01-06 11:47:32,629 [plugins:INFO] GWTRPC - total entry points: 0
2026-01-06 11:47:32,629 [plugins:INFO] -------------- Running plug-in GWTRequestFactory (priority=5) --------------
2026-01-06 11:47:32,629 [plugins:INFO] GWTRequestFactory.main: Start
2026-01-06 11:47:32,629 [plugins:INFO] -------------- Running plug-in JSF2 (priority=5) --------------
2026-01-06 11:47:32,629 [plugins:INFO] JSF2.main: Start
2026-01-06 11:47:32,629 [plugins:INFO] -------------- Running plug-in JaxRS (priority=5) --------------
2026-01-06 11:47:32,638 [plugins:DEBUG] JaxRS::main- Types ('javax.ws.rs.Path', 'jakarta.ws.rs.Path', 'javax.ws.rs.Consumes', 'jakarta.ws.rs.Consumes', 'javax.ws.rs.Produces', 'jakarta.ws.rs.Produces', 'javax.ws.rs.GET', 'jakarta.ws.rs.GET', 'javax.ws.rs.PUT', 'jakarta.ws.rs.PUT', 'javax.ws.rs.HEAD', 'jakarta.ws.rs.HEAD', 'javax.ws.rs.POST', 'jakarta.ws.rs.POST', 'javax.ws.rs.OPTIONS', 'jakarta.ws.rs.OPTIONS', 'javax.ws.rs.DELETE', 'jakarta.ws.rs.DELETE', 'javax.ws.rs.Path', 'jakarta.ws.rs.Path', 'javax.ws.rs.CookieParam', 'jakarta.ws.rs.CookieParam', 'javax.ws.rs.FormParam', 'jakarta.ws.rs.FormParam', 'javax.ws.rs.HeaderParam', 'jakarta.ws.rs.HeaderParam', 'javax.ws.rs.MatrixParam', 'jakarta.ws.rs.MatrixParam', 'javax.ws.rs.PathParam', 'jakarta.ws.rs.PathParam', 'javax.ws.rs.QueryParam', 'jakarta.ws.rs.QueryParam', 'javax.ws.rs.BeanParam', 'jakarta.ws.rs.BeanParam') not found.
2026-01-06 11:47:32,638 [plugins:INFO] -------------- Running plug-in JaxWS (priority=5) --------------
2026-01-06 11:47:32,639 [plugins:DEBUG] JaxWS.main: Application does not contain WS annotations, exiting.
2026-01-06 11:47:32,639 [plugins:INFO] -------------- Skipping disabled plug-in: Skeleton
2026-01-06 11:47:32,639 [plugins:INFO] -------------- Running plug-in Struts2 (priority=5) --------------
2026-01-06 11:47:32,639 [plugins:INFO] Struts2.main: Start
2026-01-06 11:47:32,646 [plugins:INFO] -------------- Running plug-in Vertx (priority=5) --------------
2026-01-06 11:47:32,646 [plugins:INFO] Vertx.main: Start
2026-01-06 11:47:32,647 [plugins:DEBUG] Vertx::main- Types ('io.vertx.core.AbstractVerticle', 'io.vertx.rxjava.ext.web.RoutingContext') not found.
2026-01-06 11:47:32,647 [plugins:INFO] -------------- Skipping disabled plug-in: WSXmlRpc
2026-01-06 11:47:32,647 [plugins:INFO] -------------- Running plug-in WebForms (priority=5) --------------
2026-01-06 11:47:32,647 [plugins:INFO] WebForms.main: Start
2026-01-06 11:47:32,648 [plugins:INFO] -------------- Running plug-in WebSockets (priority=5) --------------
2026-01-06 11:47:32,650 [plugins:INFO] WebSockets.main: Start
2026-01-06 11:47:32,651 [plugins:DEBUG] WebSockets::main- Types ('javax.websocket.server.ServerEndpoint', 'javax.websocket.ClientEndpoint', 'javax.websocket.OnMessage', 'jakarta.websocket.server.ServerEndpoint', 'jakarta.websocket.ClientEndpoint', 'jakarta.websocket.OnMessage') not found.
